mode: set
newsapps/internal/features/articles/handler/articles.go:18.66,22.2 1 0
newsapps/internal/features/articles/handler/articles.go:25.64,26.35 1 0
newsapps/internal/features/articles/handler/articles.go:26.35,31.17 3 0
newsapps/internal/features/articles/handler/articles.go:31.17,34.4 2 0
newsapps/internal/features/articles/handler/articles.go:36.3,46.16 4 0
newsapps/internal/features/articles/handler/articles.go:46.16,48.4 1 0
newsapps/internal/features/articles/handler/articles.go:50.3,50.81 1 0
newsapps/internal/features/articles/handler/articles.go:55.60,56.36 1 0
newsapps/internal/features/articles/handler/articles.go:56.36,60.17 2 0
newsapps/internal/features/articles/handler/articles.go:60.17,61.37 1 0
newsapps/internal/features/articles/handler/articles.go:61.37,63.5 1 0
newsapps/internal/features/articles/handler/articles.go:64.4,64.71 1 0
newsapps/internal/features/articles/handler/articles.go:67.3,67.97 1 0
newsapps/internal/features/articles/handler/articles.go:72.64,73.37 1 0
newsapps/internal/features/articles/handler/articles.go:73.37,77.16 3 0
newsapps/internal/features/articles/handler/articles.go:77.16,79.4 1 0
newsapps/internal/features/articles/handler/articles.go:81.3,81.101 1 0
newsapps/internal/features/articles/handler/articles.go:86.63,87.36 1 0
newsapps/internal/features/articles/handler/articles.go:87.36,96.17 5 0
newsapps/internal/features/articles/handler/articles.go:96.17,99.4 2 0
newsapps/internal/features/articles/handler/articles.go:101.3,105.34 3 0
newsapps/internal/features/articles/handler/articles.go:105.34,107.4 1 0
newsapps/internal/features/articles/handler/articles.go:109.3,111.16 2 0
newsapps/internal/features/articles/handler/articles.go:111.16,113.4 1 0
newsapps/internal/features/articles/handler/articles.go:115.3,115.77 1 0
newsapps/internal/features/articles/handler/articles.go:120.64,121.36 1 0
newsapps/internal/features/articles/handler/articles.go:121.36,129.16 4 0
newsapps/internal/features/articles/handler/articles.go:129.16,131.4 1 0
newsapps/internal/features/articles/handler/articles.go:133.3,133.77 1 0
newsapps/internal/features/articles/handler/request.go:12.62,19.2 1 0
newsapps/internal/features/articles/handler/response.go:14.70,17.27 2 0
newsapps/internal/features/articles/handler/response.go:17.27,26.3 1 0
newsapps/internal/features/articles/handler/response.go:28.2,28.18 1 0
newsapps/internal/features/articles/handler/response.go:32.70,41.2 1 0
newsapps/main.go:28.47,36.2 7 0
newsapps/main.go:38.57,45.2 5 0
newsapps/main.go:47.57,53.2 4 0
newsapps/main.go:55.13,58.16 3 0
newsapps/main.go:58.16,61.3 2 0
newsapps/main.go:63.2,65.16 2 0
newsapps/main.go:65.16,68.3 2 0
newsapps/main.go:69.2,80.34 9 0
newsapps/internal/features/articles/repository/data.go:19.56,27.2 1 0
newsapps/internal/features/articles/repository/data.go:29.72,32.35 2 0
newsapps/internal/features/articles/repository/data.go:32.35,34.4 1 0
newsapps/internal/features/articles/repository/data.go:36.2,36.23 1 0
newsapps/internal/features/articles/repository/data.go:39.62,42.25 2 0
newsapps/internal/features/articles/repository/data.go:42.25,44.33 2 0
newsapps/internal/features/articles/repository/data.go:44.33,46.4 1 0
newsapps/internal/features/articles/repository/data.go:49.2,49.23 1 0
newsapps/internal/features/articles/repository/data.go:52.55,59.2 1 0
newsapps/internal/features/articles/repository/query.go:14.58,18.2 1 0
newsapps/internal/features/articles/repository/query.go:21.66,26.16 3 0
newsapps/internal/features/articles/repository/query.go:26.16,28.3 1 0
newsapps/internal/features/articles/repository/query.go:30.2,30.45 1 0
newsapps/internal/features/articles/repository/query.go:36.76,41.16 3 0
newsapps/internal/features/articles/repository/query.go:41.16,42.36 1 0
newsapps/internal/features/articles/repository/query.go:42.36,44.4 1 0
newsapps/internal/features/articles/repository/query.go:45.3,45.33 1 0
newsapps/internal/features/articles/repository/query.go:48.3,48.48 1 0
newsapps/internal/features/articles/repository/query.go:54.76,58.16 3 0
newsapps/internal/features/articles/repository/query.go:58.16,60.3 1 0
newsapps/internal/features/articles/repository/query.go:62.2,62.12 1 0
newsapps/internal/features/articles/repository/query.go:66.88,70.32 2 0
newsapps/internal/features/articles/repository/query.go:70.32,72.3 1 0
newsapps/internal/features/articles/repository/query.go:74.2,74.34 1 0
newsapps/internal/features/articles/repository/query.go:74.34,76.3 1 0
newsapps/internal/features/articles/repository/query.go:78.2,78.32 1 0
newsapps/internal/features/articles/repository/query.go:78.32,80.3 1 0
newsapps/internal/features/articles/repository/query.go:82.2,84.22 2 0
newsapps/internal/features/articles/repository/query.go:84.22,86.3 1 0
newsapps/internal/features/articles/repository/query.go:88.2,88.26 1 0
newsapps/internal/features/articles/repository/query.go:88.26,90.3 1 0
newsapps/internal/features/articles/repository/query.go:92.2,92.12 1 0
newsapps/internal/features/articles/repository/query.go:96.68,99.22 2 0
newsapps/internal/features/articles/repository/query.go:99.22,101.3 1 0
newsapps/internal/features/articles/repository/query.go:103.2,103.26 1 0
newsapps/internal/features/articles/repository/query.go:103.26,105.3 1 0
newsapps/internal/features/articles/repository/query.go:107.2,107.12 1 0
newsapps/configs/config.go:23.30,26.16 3 0
newsapps/configs/config.go:26.16,28.3 1 0
newsapps/configs/config.go:29.2,36.15 7 0
newsapps/configs/config.go:39.45,47.16 3 0
newsapps/configs/config.go:47.16,50.3 2 0
newsapps/configs/config.go:52.2,52.16 1 0
newsapps/internal/features/comments/repository/data.go:16.56,23.2 1 0
newsapps/internal/features/comments/repository/data.go:25.55,32.2 1 0
newsapps/internal/features/comments/repository/query.go:14.67,19.16 3 0
newsapps/internal/features/comments/repository/query.go:19.16,21.3 1 0
newsapps/internal/features/comments/repository/query.go:23.2,23.20 1 0
newsapps/internal/features/comments/repository/query.go:27.63,30.22 2 0
newsapps/internal/features/comments/repository/query.go:30.22,32.3 1 0
newsapps/internal/features/comments/repository/query.go:34.2,34.26 1 0
newsapps/internal/features/comments/repository/query.go:34.26,36.3 1 0
newsapps/internal/features/comments/repository/query.go:38.2,38.12 1 0
newsapps/internal/features/comments/repository/query.go:42.76,46.16 3 0
newsapps/internal/features/comments/repository/query.go:46.16,48.3 1 0
newsapps/internal/features/comments/repository/query.go:50.2,50.12 1 0
newsapps/internal/features/comments/repository/query.go:53.58,57.2 1 0
newsapps/internal/features/comments/commentHandler/comments.go:18.63,19.36 1 0
newsapps/internal/features/comments/commentHandler/comments.go:19.36,23.17 2 0
newsapps/internal/features/comments/commentHandler/comments.go:23.17,25.4 1 0
newsapps/internal/features/comments/commentHandler/comments.go:27.3,27.77 1 0
newsapps/internal/features/comments/commentHandler/comments.go:32.66,33.36 1 0
newsapps/internal/features/comments/commentHandler/comments.go:33.36,41.17 4 0
newsapps/internal/features/comments/commentHandler/comments.go:41.17,43.4 1 0
newsapps/internal/features/comments/commentHandler/comments.go:44.3,44.77 1 0
newsapps/internal/features/comments/commentHandler/comments.go:49.66,50.36 1 0
newsapps/internal/features/comments/commentHandler/comments.go:50.36,55.17 3 0
newsapps/internal/features/comments/commentHandler/comments.go:55.17,58.4 2 0
newsapps/internal/features/comments/commentHandler/comments.go:60.3,63.35 2 0
newsapps/internal/features/comments/commentHandler/comments.go:63.35,65.4 1 0
newsapps/internal/features/comments/commentHandler/comments.go:67.3,69.17 2 0
newsapps/internal/features/comments/commentHandler/comments.go:69.17,71.4 1 0
newsapps/internal/features/comments/commentHandler/comments.go:73.3,73.81 1 0
newsapps/internal/features/comments/commentHandler/comments.go:77.66,81.2 1 0
newsapps/internal/features/comments/commentHandler/request.go:13.61,19.2 1 0
newsapps/internal/features/comments/services/service.go:17.71,20.16 2 0
newsapps/internal/features/comments/services/service.go:20.16,23.3 2 0
newsapps/internal/features/comments/services/service.go:24.2,24.20 1 0
newsapps/internal/features/comments/services/service.go:28.67,31.16 2 0
newsapps/internal/features/comments/services/service.go:31.16,34.3 2 0
newsapps/internal/features/comments/services/service.go:36.2,36.12 1 0
newsapps/internal/features/comments/services/service.go:40.80,46.16 2 0
newsapps/internal/features/comments/services/service.go:46.16,48.3 1 0
newsapps/internal/features/comments/services/service.go:51.2,52.16 2 0
newsapps/internal/features/comments/services/service.go:52.16,55.3 2 0
newsapps/internal/features/comments/services/service.go:57.2,57.12 1 0
newsapps/internal/features/comments/services/service.go:60.61,65.2 1 0
newsapps/configs/config.go:23.30,26.16 3 0
newsapps/configs/config.go:26.16,28.3 1 0
newsapps/configs/config.go:29.2,36.15 7 0
newsapps/configs/config.go:39.45,47.16 3 0
newsapps/configs/config.go:47.16,50.3 2 0
newsapps/configs/config.go:52.2,52.16 1 0
newsapps/internal/features/articles/services/service.go:15.96,20.2 1 1
newsapps/internal/features/articles/services/service.go:22.79,26.16 2 1
newsapps/internal/features/articles/services/service.go:26.16,28.3 1 1
newsapps/internal/features/articles/services/service.go:30.2,32.16 2 1
newsapps/internal/features/articles/services/service.go:32.16,35.3 2 1
newsapps/internal/features/articles/services/service.go:37.2,37.12 1 1
newsapps/internal/features/articles/services/service.go:40.69,43.16 2 1
newsapps/internal/features/articles/services/service.go:43.16,46.3 2 1
newsapps/internal/features/articles/services/service.go:47.2,47.20 1 1
newsapps/internal/features/articles/services/service.go:50.77,53.16 2 1
newsapps/internal/features/articles/services/service.go:53.16,56.3 2 1
newsapps/internal/features/articles/services/service.go:58.2,58.20 1 1
newsapps/internal/features/articles/services/service.go:62.91,66.16 2 1
newsapps/internal/features/articles/services/service.go:66.16,69.3 2 1
newsapps/internal/features/articles/services/service.go:71.2,71.12 1 1
newsapps/internal/features/articles/services/service.go:74.70,77.16 2 1
newsapps/internal/features/articles/services/service.go:77.16,80.3 2 1
newsapps/internal/features/articles/services/service.go:82.2,82.12 1 1
newsapps/internal/utils/jwt.go:18.42,20.2 1 0
newsapps/internal/utils/jwt.go:22.73,36.16 8 0
newsapps/internal/utils/jwt.go:36.16,38.3 1 0
newsapps/internal/utils/jwt.go:39.2,39.20 1 0
newsapps/internal/utils/jwt.go:42.60,46.26 3 0
newsapps/internal/utils/jwt.go:46.26,48.3 1 0
newsapps/internal/utils/jwt.go:50.2,50.38 1 0
newsapps/internal/utils/jwt.go:50.38,52.3 1 0
newsapps/internal/utils/jwt.go:54.2,54.15 1 0
newsapps/internal/utils/password.go:11.52,13.2 1 0
newsapps/internal/utils/password.go:15.79,17.16 2 0
newsapps/internal/utils/password.go:17.16,19.3 1 0
newsapps/internal/utils/password.go:20.2,20.20 1 0
newsapps/internal/utils/password.go:23.82,25.2 1 0
newsapps/internal/utils/validator.go:22.70,26.2 1 0
newsapps/internal/utils/validator.go:28.91,30.16 2 0
newsapps/internal/utils/validator.go:30.16,33.3 2 0
newsapps/internal/utils/validator.go:34.2,34.12 1 0
newsapps/internal/utils/validator.go:37.104,39.16 2 0
newsapps/internal/utils/validator.go:39.16,42.3 2 0
newsapps/internal/utils/validator.go:43.2,43.12 1 0
newsapps/internal/utils/validator.go:46.87,48.16 2 0
newsapps/internal/utils/validator.go:48.16,51.3 2 0
newsapps/internal/utils/validator.go:53.2,53.12 1 0
newsapps/mocks/AccountUtilityInterface.go:13.96,16.19 2 1
newsapps/mocks/AccountUtilityInterface.go:16.19,17.65 1 0
newsapps/mocks/AccountUtilityInterface.go:20.2,21.59 2 1
newsapps/mocks/AccountUtilityInterface.go:21.59,23.3 1 0
newsapps/mocks/AccountUtilityInterface.go:23.8,25.3 1 1
newsapps/mocks/AccountUtilityInterface.go:27.2,27.11 1 1
newsapps/mocks/AccountUtilityInterface.go:31.100,34.19 2 0
newsapps/mocks/AccountUtilityInterface.go:34.19,35.64 1 0
newsapps/mocks/AccountUtilityInterface.go:38.2,39.59 2 0
newsapps/mocks/AccountUtilityInterface.go:39.59,41.3 1 0
newsapps/mocks/AccountUtilityInterface.go:41.8,43.3 1 0
newsapps/mocks/AccountUtilityInterface.go:45.2,45.11 1 0
newsapps/mocks/AccountUtilityInterface.go:49.113,52.19 2 0
newsapps/mocks/AccountUtilityInterface.go:52.19,53.59 1 0
newsapps/mocks/AccountUtilityInterface.go:56.2,57.67 2 0
newsapps/mocks/AccountUtilityInterface.go:57.67,59.3 1 0
newsapps/mocks/AccountUtilityInterface.go:59.8,61.3 1 0
newsapps/mocks/AccountUtilityInterface.go:63.2,63.11 1 0
newsapps/mocks/AccountUtilityInterface.go:71.29,75.19 3 1
newsapps/mocks/AccountUtilityInterface.go:75.19,75.49 1 1
newsapps/mocks/AccountUtilityInterface.go:77.2,77.13 1 1
newsapps/mocks/Handler.go:16.57,19.19 2 0
newsapps/mocks/Handler.go:19.19,20.59 1 0
newsapps/mocks/Handler.go:23.2,24.56 2 0
newsapps/mocks/Handler.go:24.56,26.3 1 0
newsapps/mocks/Handler.go:26.8,27.24 1 0
newsapps/mocks/Handler.go:27.24,29.4 1 0
newsapps/mocks/Handler.go:32.2,32.11 1 0
newsapps/mocks/Handler.go:36.45,39.19 2 0
newsapps/mocks/Handler.go:39.19,40.47 1 0
newsapps/mocks/Handler.go:43.2,44.56 2 0
newsapps/mocks/Handler.go:44.56,46.3 1 0
newsapps/mocks/Handler.go:46.8,47.24 1 0
newsapps/mocks/Handler.go:47.24,49.4 1 0
newsapps/mocks/Handler.go:52.2,52.11 1 0
newsapps/mocks/Handler.go:56.48,59.19 2 0
newsapps/mocks/Handler.go:59.19,60.50 1 0
newsapps/mocks/Handler.go:63.2,64.56 2 0
newsapps/mocks/Handler.go:64.56,66.3 1 0
newsapps/mocks/Handler.go:66.8,67.24 1 0
newsapps/mocks/Handler.go:67.24,69.4 1 0
newsapps/mocks/Handler.go:72.2,72.11 1 0
newsapps/mocks/Handler.go:76.57,79.19 2 0
newsapps/mocks/Handler.go:79.19,80.59 1 0
newsapps/mocks/Handler.go:83.2,84.56 2 0
newsapps/mocks/Handler.go:84.56,86.3 1 0
newsapps/mocks/Handler.go:86.8,87.24 1 0
newsapps/mocks/Handler.go:87.24,89.4 1 0
newsapps/mocks/Handler.go:92.2,92.11 1 0
newsapps/mocks/Handler.go:100.13,104.19 3 0
newsapps/mocks/Handler.go:104.19,104.49 1 0
newsapps/mocks/Handler.go:106.2,106.13 1 0
newsapps/mocks/JwtUtilityInterface.go:16.70,19.19 2 0
newsapps/mocks/JwtUtilityInterface.go:19.19,20.53 1 0
newsapps/mocks/JwtUtilityInterface.go:23.2,24.57 2 0
newsapps/mocks/JwtUtilityInterface.go:24.57,26.3 1 0
newsapps/mocks/JwtUtilityInterface.go:26.8,28.3 1 0
newsapps/mocks/JwtUtilityInterface.go:30.2,30.11 1 0
newsapps/mocks/JwtUtilityInterface.go:34.83,37.19 2 0
newsapps/mocks/JwtUtilityInterface.go:37.19,38.53 1 0
newsapps/mocks/JwtUtilityInterface.go:41.2,43.67 3 0
newsapps/mocks/JwtUtilityInterface.go:43.67,45.3 1 0
newsapps/mocks/JwtUtilityInterface.go:46.2,46.58 1 0
newsapps/mocks/JwtUtilityInterface.go:46.58,48.3 1 0
newsapps/mocks/JwtUtilityInterface.go:48.8,50.3 1 0
newsapps/mocks/JwtUtilityInterface.go:52.2,52.57 1 0
newsapps/mocks/JwtUtilityInterface.go:52.57,54.3 1 0
newsapps/mocks/JwtUtilityInterface.go:54.8,56.3 1 0
newsapps/mocks/JwtUtilityInterface.go:58.2,58.15 1 0
newsapps/mocks/JwtUtilityInterface.go:66.25,70.19 3 0
newsapps/mocks/JwtUtilityInterface.go:70.19,70.49 1 0
newsapps/mocks/JwtUtilityInterface.go:72.2,72.13 1 0
newsapps/mocks/PasswordUtilityInterface.go:13.91,16.19 2 0
newsapps/mocks/PasswordUtilityInterface.go:16.19,17.55 1 0
newsapps/mocks/PasswordUtilityInterface.go:20.2,21.59 2 0
newsapps/mocks/PasswordUtilityInterface.go:21.59,23.3 1 0
newsapps/mocks/PasswordUtilityInterface.go:23.8,25.3 1 0
newsapps/mocks/PasswordUtilityInterface.go:27.2,27.11 1 0
newsapps/mocks/PasswordUtilityInterface.go:31.88,34.19 2 0
newsapps/mocks/PasswordUtilityInterface.go:34.19,35.58 1 0
newsapps/mocks/PasswordUtilityInterface.go:38.2,40.61 3 0
newsapps/mocks/PasswordUtilityInterface.go:40.61,42.3 1 0
newsapps/mocks/PasswordUtilityInterface.go:43.2,43.52 1 0
newsapps/mocks/PasswordUtilityInterface.go:43.52,45.3 1 0
newsapps/mocks/PasswordUtilityInterface.go:45.8,46.24 1 0
newsapps/mocks/PasswordUtilityInterface.go:46.24,48.4 1 0
newsapps/mocks/PasswordUtilityInterface.go:51.2,51.51 1 0
newsapps/mocks/PasswordUtilityInterface.go:51.51,53.3 1 0
newsapps/mocks/PasswordUtilityInterface.go:53.8,55.3 1 0
newsapps/mocks/PasswordUtilityInterface.go:57.2,57.15 1 0
newsapps/mocks/PasswordUtilityInterface.go:65.30,69.19 3 0
newsapps/mocks/PasswordUtilityInterface.go:69.19,69.49 1 0
newsapps/mocks/PasswordUtilityInterface.go:71.2,71.13 1 0
newsapps/mocks/Query.go:18.55,21.19 2 0
newsapps/mocks/Query.go:21.19,22.59 1 0
newsapps/mocks/Query.go:25.2,26.49 2 0
newsapps/mocks/Query.go:26.49,28.3 1 0
newsapps/mocks/Query.go:28.8,30.3 1 0
newsapps/mocks/Query.go:32.2,32.11 1 0
newsapps/mocks/Query.go:36.59,39.19 2 0
newsapps/mocks/Query.go:39.19,40.47 1 0
newsapps/mocks/Query.go:43.2,45.66 3 0
newsapps/mocks/Query.go:45.66,47.3 1 0
newsapps/mocks/Query.go:48.2,48.57 1 0
newsapps/mocks/Query.go:48.57,50.3 1 0
newsapps/mocks/Query.go:50.8,52.3 1 0
newsapps/mocks/Query.go:54.2,54.51 1 0
newsapps/mocks/Query.go:54.51,56.3 1 0
newsapps/mocks/Query.go:56.8,58.3 1 0
newsapps/mocks/Query.go:60.2,60.15 1 0
newsapps/mocks/Query.go:64.54,67.19 2 0
newsapps/mocks/Query.go:67.19,68.50 1 0
newsapps/mocks/Query.go:71.2,72.56 2 0
newsapps/mocks/Query.go:72.56,74.3 1 0
newsapps/mocks/Query.go:74.8,76.3 1 0
newsapps/mocks/Query.go:78.2,78.11 1 0
newsapps/mocks/Query.go:82.63,85.19 2 0
newsapps/mocks/Query.go:85.19,86.59 1 0
newsapps/mocks/Query.go:89.2,90.56 2 0
newsapps/mocks/Query.go:90.56,92.3 1 0
newsapps/mocks/Query.go:92.8,94.3 1 0
newsapps/mocks/Query.go:96.2,96.11 1 0
newsapps/mocks/Query.go:104.11,108.19 3 1
newsapps/mocks/Query.go:108.19,108.49 1 1
newsapps/mocks/Query.go:110.2,110.13 1 1
newsapps/mocks/Query.go:114.64,117.2 2 1
newsapps/mocks/Query.go:119.59,122.2 2 1
newsapps/mocks/Query.go:124.68,127.2 2 1
newsapps/mocks/Query.go:129.73,132.2 2 1
newsapps/mocks/Query.go:134.60,137.2 2 1
newsapps/mocks/Services.go:17.58,20.19 2 0
newsapps/mocks/Services.go:20.19,21.59 1 0
newsapps/mocks/Services.go:24.2,25.49 2 0
newsapps/mocks/Services.go:25.49,27.3 1 0
newsapps/mocks/Services.go:27.8,29.3 1 0
newsapps/mocks/Services.go:31.2,31.11 1 0
newsapps/mocks/Services.go:35.87,38.19 2 0
newsapps/mocks/Services.go:38.19,39.47 1 0
newsapps/mocks/Services.go:42.2,45.82 4 0
newsapps/mocks/Services.go:45.82,47.3 1 0
newsapps/mocks/Services.go:48.2,48.65 1 0
newsapps/mocks/Services.go:48.65,50.3 1 0
newsapps/mocks/Services.go:50.8,52.3 1 0
newsapps/mocks/Services.go:54.2,54.60 1 0
newsapps/mocks/Services.go:54.60,56.3 1 0
newsapps/mocks/Services.go:56.8,58.3 1 0
newsapps/mocks/Services.go:60.2,60.59 1 0
newsapps/mocks/Services.go:60.59,62.3 1 0
newsapps/mocks/Services.go:62.8,64.3 1 0
newsapps/mocks/Services.go:66.2,66.19 1 0
newsapps/mocks/Services.go:70.57,73.19 2 0
newsapps/mocks/Services.go:73.19,74.50 1 0
newsapps/mocks/Services.go:77.2,78.56 2 0
newsapps/mocks/Services.go:78.56,80.3 1 0
newsapps/mocks/Services.go:80.8,82.3 1 0
newsapps/mocks/Services.go:84.2,84.11 1 0
newsapps/mocks/Services.go:88.66,91.19 2 0
newsapps/mocks/Services.go:91.19,92.59 1 0
newsapps/mocks/Services.go:95.2,96.56 2 0
newsapps/mocks/Services.go:96.56,98.3 1 0
newsapps/mocks/Services.go:98.8,100.3 1 0
newsapps/mocks/Services.go:102.2,102.11 1 0
newsapps/mocks/Services.go:110.14,114.19 3 0
newsapps/mocks/Services.go:114.19,114.49 1 0
newsapps/mocks/Services.go:116.2,116.13 1 0
newsapps/internal/features/users/repository/data.go:21.43,28.2 1 0
newsapps/internal/features/users/repository/data.go:30.55,36.2 1 0
newsapps/internal/features/users/repository/query.go:17.52,21.2 1 0
newsapps/internal/features/users/repository/query.go:23.63,26.16 3 0
newsapps/internal/features/users/repository/query.go:26.16,28.3 1 0
newsapps/internal/features/users/repository/query.go:29.2,29.35 1 0
newsapps/internal/features/users/repository/query.go:32.58,36.2 3 0
newsapps/internal/features/users/repository/query.go:38.67,49.24 5 0
newsapps/internal/features/users/repository/query.go:49.24,53.3 3 0
newsapps/internal/features/users/repository/query.go:54.2,54.25 1 0
newsapps/internal/features/users/repository/query.go:54.25,58.3 3 0
newsapps/internal/features/users/repository/query.go:59.2,59.28 1 0
newsapps/internal/features/users/repository/query.go:59.28,63.3 3 0
newsapps/internal/features/users/repository/query.go:65.2,65.26 1 0
newsapps/internal/features/users/repository/query.go:65.26,68.3 2 0
newsapps/internal/features/users/repository/query.go:70.2,79.22 8 0
newsapps/internal/features/users/repository/query.go:79.22,82.3 2 0
newsapps/internal/features/users/repository/query.go:83.2,83.12 1 0
newsapps/internal/features/users/repository/query.go:86.59,89.22 2 0
newsapps/internal/features/users/repository/query.go:89.22,92.3 2 0
newsapps/internal/features/users/repository/query.go:94.2,94.26 1 0
newsapps/internal/features/users/repository/query.go:94.26,97.3 2 0
newsapps/internal/features/users/repository/query.go:99.2,99.12 1 0
newsapps/internal/helper/response.go:3.72,7.17 4 0
newsapps/internal/helper/response.go:7.17,9.3 1 0
newsapps/internal/helper/response.go:10.2,10.15 1 0
newsapps/internal/routes/reoutes.go:14.90,60.2 17 0
newsapps/internal/utils/jwt.go:18.42,20.2 1 0
newsapps/internal/utils/jwt.go:22.73,36.16 8 0
newsapps/internal/utils/jwt.go:36.16,38.3 1 0
newsapps/internal/utils/jwt.go:39.2,39.20 1 0
newsapps/internal/utils/jwt.go:42.60,46.26 3 0
newsapps/internal/utils/jwt.go:46.26,48.3 1 0
newsapps/internal/utils/jwt.go:50.2,50.38 1 0
newsapps/internal/utils/jwt.go:50.38,52.3 1 0
newsapps/internal/utils/jwt.go:54.2,54.15 1 0
newsapps/internal/utils/password.go:11.52,13.2 1 0
newsapps/internal/utils/password.go:15.79,17.16 2 0
newsapps/internal/utils/password.go:17.16,19.3 1 0
newsapps/internal/utils/password.go:20.2,20.20 1 0
newsapps/internal/utils/password.go:23.82,25.2 1 0
newsapps/internal/utils/validator.go:22.70,26.2 1 0
newsapps/internal/utils/validator.go:28.91,30.16 2 0
newsapps/internal/utils/validator.go:30.16,33.3 2 0
newsapps/internal/utils/validator.go:34.2,34.12 1 0
newsapps/internal/utils/validator.go:37.104,39.16 2 0
newsapps/internal/utils/validator.go:39.16,42.3 2 0
newsapps/internal/utils/validator.go:43.2,43.12 1 0
newsapps/internal/utils/validator.go:46.87,48.16 2 0
newsapps/internal/utils/validator.go:48.16,51.3 2 0
newsapps/internal/utils/validator.go:53.2,53.12 1 0
newsapps/mocks/AccountUtilityInterface.go:13.96,16.19 2 0
newsapps/mocks/AccountUtilityInterface.go:16.19,17.65 1 0
newsapps/mocks/AccountUtilityInterface.go:20.2,21.59 2 0
newsapps/mocks/AccountUtilityInterface.go:21.59,23.3 1 0
newsapps/mocks/AccountUtilityInterface.go:23.8,25.3 1 0
newsapps/mocks/AccountUtilityInterface.go:27.2,27.11 1 0
newsapps/mocks/AccountUtilityInterface.go:31.100,34.19 2 0
newsapps/mocks/AccountUtilityInterface.go:34.19,35.64 1 0
newsapps/mocks/AccountUtilityInterface.go:38.2,39.59 2 0
newsapps/mocks/AccountUtilityInterface.go:39.59,41.3 1 0
newsapps/mocks/AccountUtilityInterface.go:41.8,43.3 1 0
newsapps/mocks/AccountUtilityInterface.go:45.2,45.11 1 0
newsapps/mocks/AccountUtilityInterface.go:49.113,52.19 2 0
newsapps/mocks/AccountUtilityInterface.go:52.19,53.59 1 0
newsapps/mocks/AccountUtilityInterface.go:56.2,57.67 2 0
newsapps/mocks/AccountUtilityInterface.go:57.67,59.3 1 0
newsapps/mocks/AccountUtilityInterface.go:59.8,61.3 1 0
newsapps/mocks/AccountUtilityInterface.go:63.2,63.11 1 0
newsapps/mocks/AccountUtilityInterface.go:71.29,75.19 3 0
newsapps/mocks/AccountUtilityInterface.go:75.19,75.49 1 0
newsapps/mocks/AccountUtilityInterface.go:77.2,77.13 1 0
newsapps/mocks/Handler.go:16.57,19.19 2 0
newsapps/mocks/Handler.go:19.19,20.59 1 0
newsapps/mocks/Handler.go:23.2,24.56 2 0
newsapps/mocks/Handler.go:24.56,26.3 1 0
newsapps/mocks/Handler.go:26.8,27.24 1 0
newsapps/mocks/Handler.go:27.24,29.4 1 0
newsapps/mocks/Handler.go:32.2,32.11 1 0
newsapps/mocks/Handler.go:36.45,39.19 2 0
newsapps/mocks/Handler.go:39.19,40.47 1 0
newsapps/mocks/Handler.go:43.2,44.56 2 0
newsapps/mocks/Handler.go:44.56,46.3 1 0
newsapps/mocks/Handler.go:46.8,47.24 1 0
newsapps/mocks/Handler.go:47.24,49.4 1 0
newsapps/mocks/Handler.go:52.2,52.11 1 0
newsapps/mocks/Handler.go:56.48,59.19 2 0
newsapps/mocks/Handler.go:59.19,60.50 1 0
newsapps/mocks/Handler.go:63.2,64.56 2 0
newsapps/mocks/Handler.go:64.56,66.3 1 0
newsapps/mocks/Handler.go:66.8,67.24 1 0
newsapps/mocks/Handler.go:67.24,69.4 1 0
newsapps/mocks/Handler.go:72.2,72.11 1 0
newsapps/mocks/Handler.go:76.57,79.19 2 0
newsapps/mocks/Handler.go:79.19,80.59 1 0
newsapps/mocks/Handler.go:83.2,84.56 2 0
newsapps/mocks/Handler.go:84.56,86.3 1 0
newsapps/mocks/Handler.go:86.8,87.24 1 0
newsapps/mocks/Handler.go:87.24,89.4 1 0
newsapps/mocks/Handler.go:92.2,92.11 1 0
newsapps/mocks/Handler.go:100.13,104.19 3 0
newsapps/mocks/Handler.go:104.19,104.49 1 0
newsapps/mocks/Handler.go:106.2,106.13 1 0
newsapps/mocks/JwtUtilityInterface.go:16.70,19.19 2 0
newsapps/mocks/JwtUtilityInterface.go:19.19,20.53 1 0
newsapps/mocks/JwtUtilityInterface.go:23.2,24.57 2 0
newsapps/mocks/JwtUtilityInterface.go:24.57,26.3 1 0
newsapps/mocks/JwtUtilityInterface.go:26.8,28.3 1 0
newsapps/mocks/JwtUtilityInterface.go:30.2,30.11 1 0
newsapps/mocks/JwtUtilityInterface.go:34.83,37.19 2 0
newsapps/mocks/JwtUtilityInterface.go:37.19,38.53 1 0
newsapps/mocks/JwtUtilityInterface.go:41.2,43.67 3 0
newsapps/mocks/JwtUtilityInterface.go:43.67,45.3 1 0
newsapps/mocks/JwtUtilityInterface.go:46.2,46.58 1 0
newsapps/mocks/JwtUtilityInterface.go:46.58,48.3 1 0
newsapps/mocks/JwtUtilityInterface.go:48.8,50.3 1 0
newsapps/mocks/JwtUtilityInterface.go:52.2,52.57 1 0
newsapps/mocks/JwtUtilityInterface.go:52.57,54.3 1 0
newsapps/mocks/JwtUtilityInterface.go:54.8,56.3 1 0
newsapps/mocks/JwtUtilityInterface.go:58.2,58.15 1 0
newsapps/mocks/JwtUtilityInterface.go:66.25,70.19 3 0
newsapps/mocks/JwtUtilityInterface.go:70.19,70.49 1 0
newsapps/mocks/JwtUtilityInterface.go:72.2,72.13 1 0
newsapps/mocks/PasswordUtilityInterface.go:13.91,16.19 2 0
newsapps/mocks/PasswordUtilityInterface.go:16.19,17.55 1 0
newsapps/mocks/PasswordUtilityInterface.go:20.2,21.59 2 0
newsapps/mocks/PasswordUtilityInterface.go:21.59,23.3 1 0
newsapps/mocks/PasswordUtilityInterface.go:23.8,25.3 1 0
newsapps/mocks/PasswordUtilityInterface.go:27.2,27.11 1 0
newsapps/mocks/PasswordUtilityInterface.go:31.88,34.19 2 0
newsapps/mocks/PasswordUtilityInterface.go:34.19,35.58 1 0
newsapps/mocks/PasswordUtilityInterface.go:38.2,40.61 3 0
newsapps/mocks/PasswordUtilityInterface.go:40.61,42.3 1 0
newsapps/mocks/PasswordUtilityInterface.go:43.2,43.52 1 0
newsapps/mocks/PasswordUtilityInterface.go:43.52,45.3 1 0
newsapps/mocks/PasswordUtilityInterface.go:45.8,46.24 1 0
newsapps/mocks/PasswordUtilityInterface.go:46.24,48.4 1 0
newsapps/mocks/PasswordUtilityInterface.go:51.2,51.51 1 0
newsapps/mocks/PasswordUtilityInterface.go:51.51,53.3 1 0
newsapps/mocks/PasswordUtilityInterface.go:53.8,55.3 1 0
newsapps/mocks/PasswordUtilityInterface.go:57.2,57.15 1 0
newsapps/mocks/PasswordUtilityInterface.go:65.30,69.19 3 0
newsapps/mocks/PasswordUtilityInterface.go:69.19,69.49 1 0
newsapps/mocks/PasswordUtilityInterface.go:71.2,71.13 1 0
newsapps/mocks/Query.go:18.55,21.19 2 0
newsapps/mocks/Query.go:21.19,22.59 1 0
newsapps/mocks/Query.go:25.2,26.49 2 0
newsapps/mocks/Query.go:26.49,28.3 1 0
newsapps/mocks/Query.go:28.8,30.3 1 0
newsapps/mocks/Query.go:32.2,32.11 1 0
newsapps/mocks/Query.go:36.59,39.19 2 0
newsapps/mocks/Query.go:39.19,40.47 1 0
newsapps/mocks/Query.go:43.2,45.66 3 0
newsapps/mocks/Query.go:45.66,47.3 1 0
newsapps/mocks/Query.go:48.2,48.57 1 0
newsapps/mocks/Query.go:48.57,50.3 1 0
newsapps/mocks/Query.go:50.8,52.3 1 0
newsapps/mocks/Query.go:54.2,54.51 1 0
newsapps/mocks/Query.go:54.51,56.3 1 0
newsapps/mocks/Query.go:56.8,58.3 1 0
newsapps/mocks/Query.go:60.2,60.15 1 0
newsapps/mocks/Query.go:64.54,67.19 2 0
newsapps/mocks/Query.go:67.19,68.50 1 0
newsapps/mocks/Query.go:71.2,72.56 2 0
newsapps/mocks/Query.go:72.56,74.3 1 0
newsapps/mocks/Query.go:74.8,76.3 1 0
newsapps/mocks/Query.go:78.2,78.11 1 0
newsapps/mocks/Query.go:82.63,85.19 2 0
newsapps/mocks/Query.go:85.19,86.59 1 0
newsapps/mocks/Query.go:89.2,90.56 2 0
newsapps/mocks/Query.go:90.56,92.3 1 0
newsapps/mocks/Query.go:92.8,94.3 1 0
newsapps/mocks/Query.go:96.2,96.11 1 0
newsapps/mocks/Query.go:104.11,108.19 3 0
newsapps/mocks/Query.go:108.19,108.49 1 0
newsapps/mocks/Query.go:110.2,110.13 1 0
newsapps/mocks/Query.go:114.64,117.2 2 0
newsapps/mocks/Query.go:119.59,122.2 2 0
newsapps/mocks/Query.go:124.68,127.2 2 0
newsapps/mocks/Query.go:129.73,132.2 2 0
newsapps/mocks/Query.go:134.60,137.2 2 0
newsapps/mocks/Services.go:17.58,20.19 2 0
newsapps/mocks/Services.go:20.19,21.59 1 0
newsapps/mocks/Services.go:24.2,25.49 2 0
newsapps/mocks/Services.go:25.49,27.3 1 0
newsapps/mocks/Services.go:27.8,29.3 1 0
newsapps/mocks/Services.go:31.2,31.11 1 0
newsapps/mocks/Services.go:35.87,38.19 2 0
newsapps/mocks/Services.go:38.19,39.47 1 0
newsapps/mocks/Services.go:42.2,45.82 4 0
newsapps/mocks/Services.go:45.82,47.3 1 0
newsapps/mocks/Services.go:48.2,48.65 1 0
newsapps/mocks/Services.go:48.65,50.3 1 0
newsapps/mocks/Services.go:50.8,52.3 1 0
newsapps/mocks/Services.go:54.2,54.60 1 0
newsapps/mocks/Services.go:54.60,56.3 1 0
newsapps/mocks/Services.go:56.8,58.3 1 0
newsapps/mocks/Services.go:60.2,60.59 1 0
newsapps/mocks/Services.go:60.59,62.3 1 0
newsapps/mocks/Services.go:62.8,64.3 1 0
newsapps/mocks/Services.go:66.2,66.19 1 0
newsapps/mocks/Services.go:70.57,73.19 2 0
newsapps/mocks/Services.go:73.19,74.50 1 0
newsapps/mocks/Services.go:77.2,78.56 2 0
newsapps/mocks/Services.go:78.56,80.3 1 0
newsapps/mocks/Services.go:80.8,82.3 1 0
newsapps/mocks/Services.go:84.2,84.11 1 0
newsapps/mocks/Services.go:88.66,91.19 2 0
newsapps/mocks/Services.go:91.19,92.59 1 0
newsapps/mocks/Services.go:95.2,96.56 2 0
newsapps/mocks/Services.go:96.56,98.3 1 0
newsapps/mocks/Services.go:98.8,100.3 1 0
newsapps/mocks/Services.go:102.2,102.11 1 0
newsapps/mocks/Services.go:110.14,114.19 3 0
newsapps/mocks/Services.go:114.19,114.49 1 0
newsapps/mocks/Services.go:116.2,116.13 1 0
newsapps/configs/config.go:23.30,26.16 3 0
newsapps/configs/config.go:26.16,28.3 1 0
newsapps/configs/config.go:29.2,36.15 7 0
newsapps/configs/config.go:39.45,47.16 3 0
newsapps/configs/config.go:47.16,50.3 2 0
newsapps/configs/config.go:52.2,52.16 1 0
newsapps/internal/features/users/services/service.go:20.147,27.2 1 1
newsapps/internal/features/users/services/service.go:29.61,32.16 2 1
newsapps/internal/features/users/services/service.go:32.16,35.3 2 1
newsapps/internal/features/users/services/service.go:37.2,38.16 2 1
newsapps/internal/features/users/services/service.go:38.16,40.65 2 1
newsapps/internal/features/users/services/service.go:40.65,42.4 1 0
newsapps/internal/features/users/services/service.go:43.3,43.13 1 1
newsapps/internal/features/users/services/service.go:45.2,49.16 3 1
newsapps/internal/features/users/services/service.go:49.16,52.3 2 1
newsapps/internal/features/users/services/service.go:53.2,53.12 1 1
newsapps/internal/features/users/services/service.go:56.91,60.16 2 1
newsapps/internal/features/users/services/service.go:60.16,63.3 2 1
newsapps/internal/features/users/services/service.go:65.2,66.16 2 1
newsapps/internal/features/users/services/service.go:66.16,69.3 2 1
newsapps/internal/features/users/services/service.go:71.2,73.16 2 1
newsapps/internal/features/users/services/service.go:73.16,76.3 2 1
newsapps/internal/features/users/services/service.go:78.2,79.16 2 1
newsapps/internal/features/users/services/service.go:79.16,82.3 2 1
newsapps/internal/features/users/services/service.go:84.2,84.27 1 1
newsapps/internal/features/users/services/service.go:87.70,95.28 2 0
newsapps/internal/features/users/services/service.go:95.28,97.17 2 0
newsapps/internal/features/users/services/service.go:97.17,100.4 2 0
newsapps/internal/features/users/services/service.go:102.3,102.39 1 0
newsapps/internal/features/users/services/service.go:104.2,106.16 2 0
newsapps/internal/features/users/services/service.go:106.16,109.3 2 0
newsapps/internal/features/users/services/service.go:110.2,110.12 1 0
newsapps/internal/features/users/services/service.go:113.62,116.16 2 0
newsapps/internal/features/users/services/service.go:116.16,119.3 2 0
newsapps/internal/features/users/services/service.go:121.2,121.12 1 0
newsapps/internal/utils/jwt.go:18.42,20.2 1 0
newsapps/internal/utils/jwt.go:22.73,36.16 8 0
newsapps/internal/utils/jwt.go:36.16,38.3 1 0
newsapps/internal/utils/jwt.go:39.2,39.20 1 0
newsapps/internal/utils/jwt.go:42.60,46.26 3 0
newsapps/internal/utils/jwt.go:46.26,48.3 1 0
newsapps/internal/utils/jwt.go:50.2,50.38 1 0
newsapps/internal/utils/jwt.go:50.38,52.3 1 0
newsapps/internal/utils/jwt.go:54.2,54.15 1 0
newsapps/internal/utils/password.go:11.52,13.2 1 0
newsapps/internal/utils/password.go:15.79,17.16 2 0
newsapps/internal/utils/password.go:17.16,19.3 1 0
newsapps/internal/utils/password.go:20.2,20.20 1 0
newsapps/internal/utils/password.go:23.82,25.2 1 0
newsapps/internal/utils/validator.go:22.70,26.2 1 0
newsapps/internal/utils/validator.go:28.91,30.16 2 0
newsapps/internal/utils/validator.go:30.16,33.3 2 0
newsapps/internal/utils/validator.go:34.2,34.12 1 0
newsapps/internal/utils/validator.go:37.104,39.16 2 0
newsapps/internal/utils/validator.go:39.16,42.3 2 0
newsapps/internal/utils/validator.go:43.2,43.12 1 0
newsapps/internal/utils/validator.go:46.87,48.16 2 0
newsapps/internal/utils/validator.go:48.16,51.3 2 0
newsapps/internal/utils/validator.go:53.2,53.12 1 0
newsapps/mocks/AccountUtilityInterface.go:13.96,16.19 2 0
newsapps/mocks/AccountUtilityInterface.go:16.19,17.65 1 0
newsapps/mocks/AccountUtilityInterface.go:20.2,21.59 2 0
newsapps/mocks/AccountUtilityInterface.go:21.59,23.3 1 0
newsapps/mocks/AccountUtilityInterface.go:23.8,25.3 1 0
newsapps/mocks/AccountUtilityInterface.go:27.2,27.11 1 0
newsapps/mocks/AccountUtilityInterface.go:31.100,34.19 2 1
newsapps/mocks/AccountUtilityInterface.go:34.19,35.64 1 0
newsapps/mocks/AccountUtilityInterface.go:38.2,39.59 2 1
newsapps/mocks/AccountUtilityInterface.go:39.59,41.3 1 0
newsapps/mocks/AccountUtilityInterface.go:41.8,43.3 1 1
newsapps/mocks/AccountUtilityInterface.go:45.2,45.11 1 1
newsapps/mocks/AccountUtilityInterface.go:49.113,52.19 2 1
newsapps/mocks/AccountUtilityInterface.go:52.19,53.59 1 0
newsapps/mocks/AccountUtilityInterface.go:56.2,57.67 2 1
newsapps/mocks/AccountUtilityInterface.go:57.67,59.3 1 0
newsapps/mocks/AccountUtilityInterface.go:59.8,61.3 1 1
newsapps/mocks/AccountUtilityInterface.go:63.2,63.11 1 1
newsapps/mocks/AccountUtilityInterface.go:71.29,75.19 3 1
newsapps/mocks/AccountUtilityInterface.go:75.19,75.49 1 1
newsapps/mocks/AccountUtilityInterface.go:77.2,77.13 1 1
newsapps/mocks/Handler.go:16.57,19.19 2 0
newsapps/mocks/Handler.go:19.19,20.59 1 0
newsapps/mocks/Handler.go:23.2,24.56 2 0
newsapps/mocks/Handler.go:24.56,26.3 1 0
newsapps/mocks/Handler.go:26.8,27.24 1 0
newsapps/mocks/Handler.go:27.24,29.4 1 0
newsapps/mocks/Handler.go:32.2,32.11 1 0
newsapps/mocks/Handler.go:36.45,39.19 2 0
newsapps/mocks/Handler.go:39.19,40.47 1 0
newsapps/mocks/Handler.go:43.2,44.56 2 0
newsapps/mocks/Handler.go:44.56,46.3 1 0
newsapps/mocks/Handler.go:46.8,47.24 1 0
newsapps/mocks/Handler.go:47.24,49.4 1 0
newsapps/mocks/Handler.go:52.2,52.11 1 0
newsapps/mocks/Handler.go:56.48,59.19 2 0
newsapps/mocks/Handler.go:59.19,60.50 1 0
newsapps/mocks/Handler.go:63.2,64.56 2 0
newsapps/mocks/Handler.go:64.56,66.3 1 0
newsapps/mocks/Handler.go:66.8,67.24 1 0
newsapps/mocks/Handler.go:67.24,69.4 1 0
newsapps/mocks/Handler.go:72.2,72.11 1 0
newsapps/mocks/Handler.go:76.57,79.19 2 0
newsapps/mocks/Handler.go:79.19,80.59 1 0
newsapps/mocks/Handler.go:83.2,84.56 2 0
newsapps/mocks/Handler.go:84.56,86.3 1 0
newsapps/mocks/Handler.go:86.8,87.24 1 0
newsapps/mocks/Handler.go:87.24,89.4 1 0
newsapps/mocks/Handler.go:92.2,92.11 1 0
newsapps/mocks/Handler.go:100.13,104.19 3 0
newsapps/mocks/Handler.go:104.19,104.49 1 0
newsapps/mocks/Handler.go:106.2,106.13 1 0
newsapps/mocks/JwtUtilityInterface.go:16.70,19.19 2 0
newsapps/mocks/JwtUtilityInterface.go:19.19,20.53 1 0
newsapps/mocks/JwtUtilityInterface.go:23.2,24.57 2 0
newsapps/mocks/JwtUtilityInterface.go:24.57,26.3 1 0
newsapps/mocks/JwtUtilityInterface.go:26.8,28.3 1 0
newsapps/mocks/JwtUtilityInterface.go:30.2,30.11 1 0
newsapps/mocks/JwtUtilityInterface.go:34.83,37.19 2 1
newsapps/mocks/JwtUtilityInterface.go:37.19,38.53 1 0
newsapps/mocks/JwtUtilityInterface.go:41.2,43.67 3 1
newsapps/mocks/JwtUtilityInterface.go:43.67,45.3 1 0
newsapps/mocks/JwtUtilityInterface.go:46.2,46.58 1 1
newsapps/mocks/JwtUtilityInterface.go:46.58,48.3 1 0
newsapps/mocks/JwtUtilityInterface.go:48.8,50.3 1 1
newsapps/mocks/JwtUtilityInterface.go:52.2,52.57 1 1
newsapps/mocks/JwtUtilityInterface.go:52.57,54.3 1 0
newsapps/mocks/JwtUtilityInterface.go:54.8,56.3 1 1
newsapps/mocks/JwtUtilityInterface.go:58.2,58.15 1 1
newsapps/mocks/JwtUtilityInterface.go:66.25,70.19 3 1
newsapps/mocks/JwtUtilityInterface.go:70.19,70.49 1 1
newsapps/mocks/JwtUtilityInterface.go:72.2,72.13 1 1
newsapps/mocks/PasswordUtilityInterface.go:13.91,16.19 2 1
newsapps/mocks/PasswordUtilityInterface.go:16.19,17.55 1 0
newsapps/mocks/PasswordUtilityInterface.go:20.2,21.59 2 1
newsapps/mocks/PasswordUtilityInterface.go:21.59,23.3 1 0
newsapps/mocks/PasswordUtilityInterface.go:23.8,25.3 1 1
newsapps/mocks/PasswordUtilityInterface.go:27.2,27.11 1 1
newsapps/mocks/PasswordUtilityInterface.go:31.88,34.19 2 1
newsapps/mocks/PasswordUtilityInterface.go:34.19,35.58 1 0
newsapps/mocks/PasswordUtilityInterface.go:38.2,40.61 3 1
newsapps/mocks/PasswordUtilityInterface.go:40.61,42.3 1 0
newsapps/mocks/PasswordUtilityInterface.go:43.2,43.52 1 1
newsapps/mocks/PasswordUtilityInterface.go:43.52,45.3 1 0
newsapps/mocks/PasswordUtilityInterface.go:45.8,46.24 1 1
newsapps/mocks/PasswordUtilityInterface.go:46.24,48.4 1 1
newsapps/mocks/PasswordUtilityInterface.go:51.2,51.51 1 1
newsapps/mocks/PasswordUtilityInterface.go:51.51,53.3 1 0
newsapps/mocks/PasswordUtilityInterface.go:53.8,55.3 1 1
newsapps/mocks/PasswordUtilityInterface.go:57.2,57.15 1 1
newsapps/mocks/PasswordUtilityInterface.go:65.30,69.19 3 1
newsapps/mocks/PasswordUtilityInterface.go:69.19,69.49 1 1
newsapps/mocks/PasswordUtilityInterface.go:71.2,71.13 1 1
newsapps/mocks/Query.go:18.55,21.19 2 0
newsapps/mocks/Query.go:21.19,22.59 1 0
newsapps/mocks/Query.go:25.2,26.49 2 0
newsapps/mocks/Query.go:26.49,28.3 1 0
newsapps/mocks/Query.go:28.8,30.3 1 0
newsapps/mocks/Query.go:32.2,32.11 1 0
newsapps/mocks/Query.go:36.59,39.19 2 1
newsapps/mocks/Query.go:39.19,40.47 1 0
newsapps/mocks/Query.go:43.2,45.66 3 1
newsapps/mocks/Query.go:45.66,47.3 1 0
newsapps/mocks/Query.go:48.2,48.57 1 1
newsapps/mocks/Query.go:48.57,50.3 1 0
newsapps/mocks/Query.go:50.8,52.3 1 1
newsapps/mocks/Query.go:54.2,54.51 1 1
newsapps/mocks/Query.go:54.51,56.3 1 0
newsapps/mocks/Query.go:56.8,58.3 1 1
newsapps/mocks/Query.go:60.2,60.15 1 1
newsapps/mocks/Query.go:64.54,67.19 2 1
newsapps/mocks/Query.go:67.19,68.50 1 0
newsapps/mocks/Query.go:71.2,72.56 2 1
newsapps/mocks/Query.go:72.56,74.3 1 0
newsapps/mocks/Query.go:74.8,76.3 1 1
newsapps/mocks/Query.go:78.2,78.11 1 1
newsapps/mocks/Query.go:82.63,85.19 2 0
newsapps/mocks/Query.go:85.19,86.59 1 0
newsapps/mocks/Query.go:89.2,90.56 2 0
newsapps/mocks/Query.go:90.56,92.3 1 0
newsapps/mocks/Query.go:92.8,94.3 1 0
newsapps/mocks/Query.go:96.2,96.11 1 0
newsapps/mocks/Query.go:104.11,108.19 3 1
newsapps/mocks/Query.go:108.19,108.49 1 1
newsapps/mocks/Query.go:110.2,110.13 1 1
newsapps/mocks/Query.go:114.64,117.2 2 0
newsapps/mocks/Query.go:119.59,122.2 2 0
newsapps/mocks/Query.go:124.68,127.2 2 0
newsapps/mocks/Query.go:129.73,132.2 2 0
newsapps/mocks/Query.go:134.60,137.2 2 0
newsapps/mocks/Services.go:17.58,20.19 2 0
newsapps/mocks/Services.go:20.19,21.59 1 0
newsapps/mocks/Services.go:24.2,25.49 2 0
newsapps/mocks/Services.go:25.49,27.3 1 0
newsapps/mocks/Services.go:27.8,29.3 1 0
newsapps/mocks/Services.go:31.2,31.11 1 0
newsapps/mocks/Services.go:35.87,38.19 2 0
newsapps/mocks/Services.go:38.19,39.47 1 0
newsapps/mocks/Services.go:42.2,45.82 4 0
newsapps/mocks/Services.go:45.82,47.3 1 0
newsapps/mocks/Services.go:48.2,48.65 1 0
newsapps/mocks/Services.go:48.65,50.3 1 0
newsapps/mocks/Services.go:50.8,52.3 1 0
newsapps/mocks/Services.go:54.2,54.60 1 0
newsapps/mocks/Services.go:54.60,56.3 1 0
newsapps/mocks/Services.go:56.8,58.3 1 0
newsapps/mocks/Services.go:60.2,60.59 1 0
newsapps/mocks/Services.go:60.59,62.3 1 0
newsapps/mocks/Services.go:62.8,64.3 1 0
newsapps/mocks/Services.go:66.2,66.19 1 0
newsapps/mocks/Services.go:70.57,73.19 2 0
newsapps/mocks/Services.go:73.19,74.50 1 0
newsapps/mocks/Services.go:77.2,78.56 2 0
newsapps/mocks/Services.go:78.56,80.3 1 0
newsapps/mocks/Services.go:80.8,82.3 1 0
newsapps/mocks/Services.go:84.2,84.11 1 0
newsapps/mocks/Services.go:88.66,91.19 2 0
newsapps/mocks/Services.go:91.19,92.59 1 0
newsapps/mocks/Services.go:95.2,96.56 2 0
newsapps/mocks/Services.go:96.56,98.3 1 0
newsapps/mocks/Services.go:98.8,100.3 1 0
newsapps/mocks/Services.go:102.2,102.11 1 0
newsapps/mocks/Services.go:110.14,114.19 3 0
newsapps/mocks/Services.go:114.19,114.49 1 0
newsapps/mocks/Services.go:116.2,116.13 1 0
